running egg_info
creating ../build/projeto_final/projeto_final.egg-info
writing ../build/projeto_final/projeto_final.egg-info/PKG-INFO
writing dependency_links to ../build/projeto_final/projeto_final.egg-info/dependency_links.txt
writing entry points to ../build/projeto_final/projeto_final.egg-info/entry_points.txt
writing requirements to ../build/projeto_final/projeto_final.egg-info/requires.txt
writing top-level names to ../build/projeto_final/projeto_final.egg-info/top_level.txt
writing manifest file '../build/projeto_final/projeto_final.egg-info/SOURCES.txt'
reading manifest file '../build/projeto_final/projeto_final.egg-info/SOURCES.txt'
writing manifest file '../build/projeto_final/projeto_final.egg-info/SOURCES.txt'
running build
running build_py
creating /home/robot/ws_aprendendo_ros2/src/build/projeto_final/build
creating /home/robot/ws_aprendendo_ros2/src/build/projeto_final/build/lib
creating /home/robot/ws_aprendendo_ros2/src/build/projeto_final/build/lib/projeto_final
copying projeto_final/robot.py -> /home/robot/ws_aprendendo_ros2/src/build/projeto_final/build/lib/projeto_final
copying projeto_final/__init__.py -> /home/robot/ws_aprendendo_ros2/src/build/projeto_final/build/lib/projeto_final
copying projeto_final/r2d2.py -> /home/robot/ws_aprendendo_ros2/src/build/projeto_final/build/lib/projeto_final
running install
running install_lib
creating /home/robot/ws_aprendendo_ros2/src/install/projeto_final/lib/python3.10/site-packages/projeto_final
copying /home/robot/ws_aprendendo_ros2/src/build/projeto_final/build/lib/projeto_final/robot.py -> /home/robot/ws_aprendendo_ros2/src/install/projeto_final/lib/python3.10/site-packages/projeto_final
copying /home/robot/ws_aprendendo_ros2/src/build/projeto_final/build/lib/projeto_final/__init__.py -> /home/robot/ws_aprendendo_ros2/src/install/projeto_final/lib/python3.10/site-packages/projeto_final
copying /home/robot/ws_aprendendo_ros2/src/build/projeto_final/build/lib/projeto_final/r2d2.py -> /home/robot/ws_aprendendo_ros2/src/install/projeto_final/lib/python3.10/site-packages/projeto_final
byte-compiling /home/robot/ws_aprendendo_ros2/src/install/projeto_final/lib/python3.10/site-packages/projeto_final/robot.py to robot.cpython-310.pyc
byte-compiling /home/robot/ws_aprendendo_ros2/src/install/projeto_final/lib/python3.10/site-packages/projeto_final/__init__.py to __init__.cpython-310.pyc
byte-compiling /home/robot/ws_aprendendo_ros2/src/install/projeto_final/lib/python3.10/site-packages/projeto_final/r2d2.py to r2d2.cpython-310.pyc
running install_data
creating /home/robot/ws_aprendendo_ros2/src/install/projeto_final/share/ament_index
creating /home/robot/ws_aprendendo_ros2/src/install/projeto_final/share/ament_index/resource_index
creating /home/robot/ws_aprendendo_ros2/src/install/projeto_final/share/ament_index/resource_index/packages
copying resource/projeto_final -> /home/robot/ws_aprendendo_ros2/src/install/projeto_final/share/ament_index/resource_index/packages
copying package.xml -> /home/robot/ws_aprendendo_ros2/src/install/projeto_final/share/projeto_final
running install_egg_info
Copying ../build/projeto_final/projeto_final.egg-info to /home/robot/ws_aprendendo_ros2/src/install/projeto_final/lib/python3.10/site-packages/projeto_final-0.0.0-py3.10.egg-info
running install_scripts
Installing r2d2 = projeto_final.r2d2:mainrobot script to /home/robot/ws_aprendendo_ros2/src/install/projeto_final/lib/projeto_final
writing list of installed files to '/home/robot/ws_aprendendo_ros2/src/build/projeto_final/install.log'
