[0.920s] Invoking command in '/home/robot/ws_aprendendo_ros2/src/pacote_de_exemplos': PYTHONPATH=/home/robot/ws_aprendendo_ros2/src/build/pacote_de_exemplos/prefix_override:/home/robot/ws_aprendendo_ros2/src/install/pacote_de_exemplos/lib/python3.10/site-packages:${PYTHONPATH} /usr/bin/python3 setup.py egg_info --egg-base ../build/pacote_de_exemplos build --build-base /home/robot/ws_aprendendo_ros2/src/build/pacote_de_exemplos/build install --record /home/robot/ws_aprendendo_ros2/src/build/pacote_de_exemplos/install.log --single-version-externally-managed
[1.246s] running egg_info
[1.247s] creating ../build/pacote_de_exemplos/pacote_de_exemplos.egg-info
[1.249s] writing ../build/pacote_de_exemplos/pacote_de_exemplos.egg-info/PKG-INFO
[1.251s] writing dependency_links to ../build/pacote_de_exemplos/pacote_de_exemplos.egg-info/dependency_links.txt
[1.252s] writing entry points to ../build/pacote_de_exemplos/pacote_de_exemplos.egg-info/entry_points.txt
[1.253s] writing requirements to ../build/pacote_de_exemplos/pacote_de_exemplos.egg-info/requires.txt
[1.253s] writing top-level names to ../build/pacote_de_exemplos/pacote_de_exemplos.egg-info/top_level.txt
[1.253s] writing manifest file '../build/pacote_de_exemplos/pacote_de_exemplos.egg-info/SOURCES.txt'
[1.256s] reading manifest file '../build/pacote_de_exemplos/pacote_de_exemplos.egg-info/SOURCES.txt'
[1.257s] writing manifest file '../build/pacote_de_exemplos/pacote_de_exemplos.egg-info/SOURCES.txt'
[1.257s] running build
[1.258s] running build_py
[1.258s] creating /home/robot/ws_aprendendo_ros2/src/build/pacote_de_exemplos/build
[1.258s] creating /home/robot/ws_aprendendo_ros2/src/build/pacote_de_exemplos/build/lib
[1.258s] creating /home/robot/ws_aprendendo_ros2/src/build/pacote_de_exemplos/build/lib/pacote_de_exemplos
[1.258s] copying pacote_de_exemplos/no_com_classe.py -> /home/robot/ws_aprendendo_ros2/src/build/pacote_de_exemplos/build/lib/pacote_de_exemplos
[1.259s] copying pacote_de_exemplos/checkpoints.py -> /home/robot/ws_aprendendo_ros2/src/build/pacote_de_exemplos/build/lib/pacote_de_exemplos
[1.259s] copying pacote_de_exemplos/no_simples.py -> /home/robot/ws_aprendendo_ros2/src/build/pacote_de_exemplos/build/lib/pacote_de_exemplos
[1.260s] copying pacote_de_exemplos/robot.py -> /home/robot/ws_aprendendo_ros2/src/build/pacote_de_exemplos/build/lib/pacote_de_exemplos
[1.261s] copying pacote_de_exemplos/__init__.py -> /home/robot/ws_aprendendo_ros2/src/build/pacote_de_exemplos/build/lib/pacote_de_exemplos
[1.261s] copying pacote_de_exemplos/r2d2.py -> /home/robot/ws_aprendendo_ros2/src/build/pacote_de_exemplos/build/lib/pacote_de_exemplos
[1.262s] running install
[1.263s] running install_lib
[1.264s] creating /home/robot/ws_aprendendo_ros2/src/install/pacote_de_exemplos/lib/python3.10/site-packages/pacote_de_exemplos
[1.265s] copying /home/robot/ws_aprendendo_ros2/src/build/pacote_de_exemplos/build/lib/pacote_de_exemplos/no_com_classe.py -> /home/robot/ws_aprendendo_ros2/src/install/pacote_de_exemplos/lib/python3.10/site-packages/pacote_de_exemplos
[1.265s] copying /home/robot/ws_aprendendo_ros2/src/build/pacote_de_exemplos/build/lib/pacote_de_exemplos/checkpoints.py -> /home/robot/ws_aprendendo_ros2/src/install/pacote_de_exemplos/lib/python3.10/site-packages/pacote_de_exemplos
[1.265s] copying /home/robot/ws_aprendendo_ros2/src/build/pacote_de_exemplos/build/lib/pacote_de_exemplos/no_simples.py -> /home/robot/ws_aprendendo_ros2/src/install/pacote_de_exemplos/lib/python3.10/site-packages/pacote_de_exemplos
[1.265s] copying /home/robot/ws_aprendendo_ros2/src/build/pacote_de_exemplos/build/lib/pacote_de_exemplos/robot.py -> /home/robot/ws_aprendendo_ros2/src/install/pacote_de_exemplos/lib/python3.10/site-packages/pacote_de_exemplos
[1.265s] copying /home/robot/ws_aprendendo_ros2/src/build/pacote_de_exemplos/build/lib/pacote_de_exemplos/__init__.py -> /home/robot/ws_aprendendo_ros2/src/install/pacote_de_exemplos/lib/python3.10/site-packages/pacote_de_exemplos
[1.265s] copying /home/robot/ws_aprendendo_ros2/src/build/pacote_de_exemplos/build/lib/pacote_de_exemplos/r2d2.py -> /home/robot/ws_aprendendo_ros2/src/install/pacote_de_exemplos/lib/python3.10/site-packages/pacote_de_exemplos
[1.265s] byte-compiling /home/robot/ws_aprendendo_ros2/src/install/pacote_de_exemplos/lib/python3.10/site-packages/pacote_de_exemplos/no_com_classe.py to no_com_classe.cpython-310.pyc
[1.266s] byte-compiling /home/robot/ws_aprendendo_ros2/src/install/pacote_de_exemplos/lib/python3.10/site-packages/pacote_de_exemplos/checkpoints.py to checkpoints.cpython-310.pyc
[1.267s] byte-compiling /home/robot/ws_aprendendo_ros2/src/install/pacote_de_exemplos/lib/python3.10/site-packages/pacote_de_exemplos/no_simples.py to no_simples.cpython-310.pyc
[1.268s] byte-compiling /home/robot/ws_aprendendo_ros2/src/install/pacote_de_exemplos/lib/python3.10/site-packages/pacote_de_exemplos/robot.py to robot.cpython-310.pyc
[1.268s] byte-compiling /home/robot/ws_aprendendo_ros2/src/install/pacote_de_exemplos/lib/python3.10/site-packages/pacote_de_exemplos/__init__.py to __init__.cpython-310.pyc
[1.268s] byte-compiling /home/robot/ws_aprendendo_ros2/src/install/pacote_de_exemplos/lib/python3.10/site-packages/pacote_de_exemplos/r2d2.py to r2d2.cpython-310.pyc
[1.269s] running install_data
[1.270s] creating /home/robot/ws_aprendendo_ros2/src/install/pacote_de_exemplos/share/ament_index
[1.270s] creating /home/robot/ws_aprendendo_ros2/src/install/pacote_de_exemplos/share/ament_index/resource_index
[1.271s] creating /home/robot/ws_aprendendo_ros2/src/install/pacote_de_exemplos/share/ament_index/resource_index/packages
[1.271s] copying resource/pacote_de_exemplos -> /home/robot/ws_aprendendo_ros2/src/install/pacote_de_exemplos/share/ament_index/resource_index/packages
[1.271s] copying package.xml -> /home/robot/ws_aprendendo_ros2/src/install/pacote_de_exemplos/share/pacote_de_exemplos
[1.271s] creating /home/robot/ws_aprendendo_ros2/src/install/pacote_de_exemplos/share/pacote_de_exemplos/config
[1.272s] copying config/Default.perspective -> /home/robot/ws_aprendendo_ros2/src/install/pacote_de_exemplos/share/pacote_de_exemplos/config/
[1.272s] creating /home/robot/ws_aprendendo_ros2/src/install/pacote_de_exemplos/share/pacote_de_exemplos/config/rviz
[1.272s] copying config/rviz/navigation.rviz -> /home/robot/ws_aprendendo_ros2/src/install/pacote_de_exemplos/share/pacote_de_exemplos/config/rviz
[1.272s] copying config/rviz/robot.rviz -> /home/robot/ws_aprendendo_ros2/src/install/pacote_de_exemplos/share/pacote_de_exemplos/config/rviz
[1.272s] copying config/rviz/mapping_slam_toolbox.rviz -> /home/robot/ws_aprendendo_ros2/src/install/pacote_de_exemplos/share/pacote_de_exemplos/config/rviz
[1.273s] copying config/rviz/mapping_cartographer.rviz -> /home/robot/ws_aprendendo_ros2/src/install/pacote_de_exemplos/share/pacote_de_exemplos/config/rviz
[1.273s] creating /home/robot/ws_aprendendo_ros2/src/install/pacote_de_exemplos/share/pacote_de_exemplos/config/map
[1.273s] copying config/map/checkpoints.json -> /home/robot/ws_aprendendo_ros2/src/install/pacote_de_exemplos/share/pacote_de_exemplos/config/map
[1.273s] copying config/map/map.pgm -> /home/robot/ws_aprendendo_ros2/src/install/pacote_de_exemplos/share/pacote_de_exemplos/config/map
[1.274s] copying config/map/map.yaml -> /home/robot/ws_aprendendo_ros2/src/install/pacote_de_exemplos/share/pacote_de_exemplos/config/map
[1.274s] creating /home/robot/ws_aprendendo_ros2/src/install/pacote_de_exemplos/share/pacote_de_exemplos/config/nav
[1.274s] copying config/nav/nav2_params.yaml -> /home/robot/ws_aprendendo_ros2/src/install/pacote_de_exemplos/share/pacote_de_exemplos/config/nav
[1.274s] copying config/nav/cartographer.lua -> /home/robot/ws_aprendendo_ros2/src/install/pacote_de_exemplos/share/pacote_de_exemplos/config/nav
[1.275s] copying config/nav/slam_toolbox.yaml -> /home/robot/ws_aprendendo_ros2/src/install/pacote_de_exemplos/share/pacote_de_exemplos/config/nav
[1.275s] copying config/nav/ekf.yaml -> /home/robot/ws_aprendendo_ros2/src/install/pacote_de_exemplos/share/pacote_de_exemplos/config/nav
[1.275s] creating /home/robot/ws_aprendendo_ros2/src/install/pacote_de_exemplos/share/pacote_de_exemplos/launch
[1.275s] copying launch/display.launch.py -> /home/robot/ws_aprendendo_ros2/src/install/pacote_de_exemplos/share/pacote_de_exemplos/launch/
[1.276s] copying launch/load_turtlebot.launch.py -> /home/robot/ws_aprendendo_ros2/src/install/pacote_de_exemplos/share/pacote_de_exemplos/launch/
[1.276s] copying launch/load.launch.py -> /home/robot/ws_aprendendo_ros2/src/install/pacote_de_exemplos/share/pacote_de_exemplos/launch/
[1.276s] copying launch/mapping_slam_toolbox.launch.py -> /home/robot/ws_aprendendo_ros2/src/install/pacote_de_exemplos/share/pacote_de_exemplos/launch/
[1.276s] copying launch/navigation.launch.py -> /home/robot/ws_aprendendo_ros2/src/install/pacote_de_exemplos/share/pacote_de_exemplos/launch/
[1.277s] copying launch/mapping_cartographer.launch.py -> /home/robot/ws_aprendendo_ros2/src/install/pacote_de_exemplos/share/pacote_de_exemplos/launch/
[1.277s] copying launch/navigation2.launch.py -> /home/robot/ws_aprendendo_ros2/src/install/pacote_de_exemplos/share/pacote_de_exemplos/launch/
[1.277s] copying launch/turtlebot.launch.py -> /home/robot/ws_aprendendo_ros2/src/install/pacote_de_exemplos/share/pacote_de_exemplos/launch/
[1.277s] copying launch/simulation.launch.py -> /home/robot/ws_aprendendo_ros2/src/install/pacote_de_exemplos/share/pacote_de_exemplos/launch/
[1.278s] copying launch/exemplo.launch.py -> /home/robot/ws_aprendendo_ros2/src/install/pacote_de_exemplos/share/pacote_de_exemplos/launch/
[1.278s] creating /home/robot/ws_aprendendo_ros2/src/install/pacote_de_exemplos/share/pacote_de_exemplos/simulation
[1.278s] creating /home/robot/ws_aprendendo_ros2/src/install/pacote_de_exemplos/share/pacote_de_exemplos/simulation/worlds
[1.278s] copying simulation/worlds/empty.world -> /home/robot/ws_aprendendo_ros2/src/install/pacote_de_exemplos/share/pacote_de_exemplos/simulation/worlds
[1.279s] copying simulation/worlds/simple_room.world -> /home/robot/ws_aprendendo_ros2/src/install/pacote_de_exemplos/share/pacote_de_exemplos/simulation/worlds
[1.280s] copying simulation/worlds/simple_room_with_fixed_boxes.world -> /home/robot/ws_aprendendo_ros2/src/install/pacote_de_exemplos/share/pacote_de_exemplos/simulation/worlds
[1.281s] copying simulation/worlds/simple_room_with_random_boxes.world -> /home/robot/ws_aprendendo_ros2/src/install/pacote_de_exemplos/share/pacote_de_exemplos/simulation/worlds
[1.282s] creating /home/robot/ws_aprendendo_ros2/src/install/pacote_de_exemplos/share/pacote_de_exemplos/simulation/models
[1.282s] creating /home/robot/ws_aprendendo_ros2/src/install/pacote_de_exemplos/share/pacote_de_exemplos/simulation/models/r2d2
[1.282s] copying simulation/models/r2d2/model.config -> /home/robot/ws_aprendendo_ros2/src/install/pacote_de_exemplos/share/pacote_de_exemplos/simulation/models/r2d2
[1.282s] copying simulation/models/r2d2/model.sdf -> /home/robot/ws_aprendendo_ros2/src/install/pacote_de_exemplos/share/pacote_de_exemplos/simulation/models/r2d2
[1.282s] creating /home/robot/ws_aprendendo_ros2/src/install/pacote_de_exemplos/share/pacote_de_exemplos/simulation/models/wood_square
[1.283s] copying simulation/models/wood_square/model.config -> /home/robot/ws_aprendendo_ros2/src/install/pacote_de_exemplos/share/pacote_de_exemplos/simulation/models/wood_square
[1.283s] copying simulation/models/wood_square/model.sdf -> /home/robot/ws_aprendendo_ros2/src/install/pacote_de_exemplos/share/pacote_de_exemplos/simulation/models/wood_square
[1.284s] creating /home/robot/ws_aprendendo_ros2/src/install/pacote_de_exemplos/share/pacote_de_exemplos/simulation/models/box
[1.284s] copying simulation/models/box/model.config -> /home/robot/ws_aprendendo_ros2/src/install/pacote_de_exemplos/share/pacote_de_exemplos/simulation/models/box
[1.284s] copying simulation/models/box/model.sdf -> /home/robot/ws_aprendendo_ros2/src/install/pacote_de_exemplos/share/pacote_de_exemplos/simulation/models/box
[1.285s] creating /home/robot/ws_aprendendo_ros2/src/install/pacote_de_exemplos/share/pacote_de_exemplos/simulation/models/simple_room
[1.285s] copying simulation/models/simple_room/model.config -> /home/robot/ws_aprendendo_ros2/src/install/pacote_de_exemplos/share/pacote_de_exemplos/simulation/models/simple_room
[1.286s] copying simulation/models/simple_room/model.sdf -> /home/robot/ws_aprendendo_ros2/src/install/pacote_de_exemplos/share/pacote_de_exemplos/simulation/models/simple_room
[1.288s] creating /home/robot/ws_aprendendo_ros2/src/install/pacote_de_exemplos/share/pacote_de_exemplos/urdf
[1.288s] copying urdf/myfirstrobot.urdf.xacro -> /home/robot/ws_aprendendo_ros2/src/install/pacote_de_exemplos/share/pacote_de_exemplos/urdf/
[1.288s] copying urdf/sam_bot_description.urdf -> /home/robot/ws_aprendendo_ros2/src/install/pacote_de_exemplos/share/pacote_de_exemplos/urdf/
[1.288s] copying urdf/myfirstrobot.urdf -> /home/robot/ws_aprendendo_ros2/src/install/pacote_de_exemplos/share/pacote_de_exemplos/urdf/
[1.288s] copying urdf/robot.urdf -> /home/robot/ws_aprendendo_ros2/src/install/pacote_de_exemplos/share/pacote_de_exemplos/urdf/
[1.288s] creating /home/robot/ws_aprendendo_ros2/src/install/pacote_de_exemplos/share/pacote_de_exemplos/urdf/macros
[1.288s] copying urdf/macros/properties.urdf.xacro -> /home/robot/ws_aprendendo_ros2/src/install/pacote_de_exemplos/share/pacote_de_exemplos/urdf/macros
[1.289s] copying urdf/macros/link_geometry.urdf.xacro -> /home/robot/ws_aprendendo_ros2/src/install/pacote_de_exemplos/share/pacote_de_exemplos/urdf/macros
[1.290s] creating /home/robot/ws_aprendendo_ros2/src/install/pacote_de_exemplos/share/pacote_de_exemplos/urdf/macros/parts
[1.290s] copying urdf/macros/parts/wheel.urdf.xacro -> /home/robot/ws_aprendendo_ros2/src/install/pacote_de_exemplos/share/pacote_de_exemplos/urdf/macros/parts
[1.290s] copying urdf/macros/parts/leg.urdf.xacro -> /home/robot/ws_aprendendo_ros2/src/install/pacote_de_exemplos/share/pacote_de_exemplos/urdf/macros/parts
[1.291s] copying urdf/macros/parts/base.urdf.xacro -> /home/robot/ws_aprendendo_ros2/src/install/pacote_de_exemplos/share/pacote_de_exemplos/urdf/macros/parts
[1.291s] copying urdf/macros/parts/head.urdf.xacro -> /home/robot/ws_aprendendo_ros2/src/install/pacote_de_exemplos/share/pacote_de_exemplos/urdf/macros/parts
[1.291s] creating /home/robot/ws_aprendendo_ros2/src/install/pacote_de_exemplos/share/pacote_de_exemplos/urdf/simulation
[1.292s] copying urdf/simulation/gazebo_camera.urdf.xacro -> /home/robot/ws_aprendendo_ros2/src/install/pacote_de_exemplos/share/pacote_de_exemplos/urdf/simulation
[1.293s] copying urdf/simulation/imu.urdf.xacro -> /home/robot/ws_aprendendo_ros2/src/install/pacote_de_exemplos/share/pacote_de_exemplos/urdf/simulation
[1.293s] copying urdf/simulation/gazebo_laser.urdf.xacro -> /home/robot/ws_aprendendo_ros2/src/install/pacote_de_exemplos/share/pacote_de_exemplos/urdf/simulation
[1.295s] copying urdf/simulation/gazebo_base.urdf.xacro -> /home/robot/ws_aprendendo_ros2/src/install/pacote_de_exemplos/share/pacote_de_exemplos/urdf/simulation
[1.295s] running install_egg_info
[1.295s] Copying ../build/pacote_de_exemplos/pacote_de_exemplos.egg-info to /home/robot/ws_aprendendo_ros2/src/install/pacote_de_exemplos/lib/python3.10/site-packages/pacote_de_exemplos-0.0.0-py3.10.egg-info
[1.295s] running install_scripts
[1.329s] Installing checkpoints script to /home/robot/ws_aprendendo_ros2/src/install/pacote_de_exemplos/lib/pacote_de_exemplos
[1.330s] Installing no_com_classe script to /home/robot/ws_aprendendo_ros2/src/install/pacote_de_exemplos/lib/pacote_de_exemplos
[1.330s] Installing no_simples script to /home/robot/ws_aprendendo_ros2/src/install/pacote_de_exemplos/lib/pacote_de_exemplos
[1.330s] Installing r2d2 script to /home/robot/ws_aprendendo_ros2/src/install/pacote_de_exemplos/lib/pacote_de_exemplos
[1.330s] writing list of installed files to '/home/robot/ws_aprendendo_ros2/src/build/pacote_de_exemplos/install.log'
[1.364s] Invoked command in '/home/robot/ws_aprendendo_ros2/src/pacote_de_exemplos' returned '0': PYTHONPATH=/home/robot/ws_aprendendo_ros2/src/build/pacote_de_exemplos/prefix_override:/home/robot/ws_aprendendo_ros2/src/install/pacote_de_exemplos/lib/python3.10/site-packages:${PYTHONPATH} /usr/bin/python3 setup.py egg_info --egg-base ../build/pacote_de_exemplos build --build-base /home/robot/ws_aprendendo_ros2/src/build/pacote_de_exemplos/build install --record /home/robot/ws_aprendendo_ros2/src/build/pacote_de_exemplos/install.log --single-version-externally-managed
